android/app/build/outputs/mapping/release/seeds.txt
com.quicknews.MainActivity
com.quicknews.MainApplication
com.quicknews.MainApplication: MainApplication()
com.quicknews.MainActivity: MainActivity()
...
com.facebook.react.bridge.JSBundleLoaderDelegate: void loadScriptFromFile(java.lang.String,java.lang.String,boolean)
com.facebook.react.animated.NativeAnimatedModule: void removeListeners(double)
com.facebook.fbreact.specs.NativeHeadlessJsTaskSupportSpec: void notifyTaskFinished(double)
com.facebook.react.views.scroll.ReactHorizontalScrollView: void setEndFillColor(int)
com.facebook.react.uimanager.ViewGroupManager: void removeViewAt(android.view.View,int)
com.facebook.react.views.swiperefresh.SwipeRefreshLayoutManager: void setSize(com.facebook.react.views.swiperefresh.ReactSwipeRefreshLayout,java.lang.String)
com.facebook.react.uimanager.ViewGroupManager: void removeView(android.view.ViewGroup,android.view.View)
androidx.vectordrawable.graphics.drawable.VectorDrawableCompat$VGroup: float getTranslateY()
com.swmansion.reanimated.NodesManager: void addProp(com.facebook.react.bridge.WritableMap,java.lang.String,java.lang.Object)
com.th3rdwave.safeareacontext.SafeAreaContextModule: SafeAreaContextModule(com.facebook.react.bridge.ReactApplicationContext)
com.facebook.react.views.scroll.ReactScrollView: void setSnapOffsets(java.util.List)
androidx.appcompat.widget.AppCompatSpinner: android.graphics.PorterDuff$Mode getSupportBackgroundTintMode()
com.facebook.react.fabric.ComponentFactory: com.facebook.jni.HybridData initHybrid()
com.facebook.react.bridge.ReadableMap: java.util.Iterator getEntryIterator()
com.facebook.fbreact.specs.NativeFrameRateLoggerSpec: NativeFrameRateLoggerSpec(com.facebook.react.bridge.ReactApplicationContext)
com.facebook.react.uimanager.UIManagerModule: int resolveRootTagFromReactTag(int)
com.facebook.hermes.intl.DateTimeFormat: java.util.Map resolvedOptions()
androidx.appcompat.widget.ActionBarOverlayLayout: void setUiOptions(int)
com.swmansion.reanimated.keyboard.KeyboardWorkletWrapper: void invoke(int,int)
com.facebook.fbreact.specs.NativeBlobModuleSpec: void addNetworkingHandler()
com.facebook.yoga.YogaNative: float jni_YGNodeStyleGetGapJNI(long,int)
androidx.appcompat.widget.AppCompatTextViewAutoSizeHelper$Impl: void computeAndSetTextDirection(android.text.StaticLayout$Builder,android.widget.TextView)
com.facebook.react.views.scroll.ReactHorizontalScrollViewManager: void setDisableIntervalMomentum(com.facebook.react.views.scroll.ReactHorizontalScrollView,boolean)
com.swmansion.reanimated.layoutReanimation.SharedTransitionManager: boolean tryStartSharedTransitionForViews(java.util.List,boolean)
com.facebook.react.uimanager.ReanimatedUIManager: void measureLayoutRelativeToParent(int,com.facebook.react.bridge.Callback,com.facebook.react.bridge.Callback)
com.facebook.react.animated.NativeAnimatedModule: void didDispatchMountItems(com.facebook.react.bridge.UIManager)
org.chromium.support_lib_boundary.WebSettingsBoundaryInterface: void setOffscreenPreRaster(boolean)
com.swmansion.reanimated.layoutReanimation.ViewHierarchyObserver: void onViewCreate(android.view.View,android.view.ViewGroup,com.swmansion.reanimated.layoutReanimation.Snapshot)
com.facebook.react.animated.EventAnimationDriver: void receiveTouches(java.lang.String,com.facebook.react.bridge.WritableArray,com.facebook.react.bridge.WritableArray)
com.facebook.fbreact.specs.NativeRedBoxSpec: void dismiss()
androidx.core.widget.NestedScrollView: void setFillViewport(boolean)
com.facebook.react.bridge.GuardedAsyncTask: GuardedAsyncTask(com.facebook.react.bridge.JSExceptionHandler)
com.facebook.fbreact.specs.NativeAnimatedModuleSpec: void restoreDefaultValues(double)
com.facebook.react.views.image.ReactImageManager: java.util.Map getExportedCustomDirectEventTypeConstants()
com.facebook.react.uimanager.ViewManager: void updateExtraData(android.view.View,java.lang.Object)
androidx.core.view.MarginLayoutParamsCompat$Api17Impl: void setLayoutDirection(android.view.ViewGroup$MarginLayoutParams,int)
com.facebook.react.bridge.RuntimeExecutor: RuntimeExecutor(com.facebook.jni.HybridData)
com.facebook.jni.MapIteratorHelper: boolean hasNext()