android/app/build/outputs/mapping/release/mapping.txt
# compiler: R8
# compiler_version: 8.2.42
# min_api: 23
# common_typos_disable
# {"id":"com.android.tools.r8.mapping","version":"2.2"}
# pg_map_id: ef570e4
# pg_map_hash: SHA-256 ef570e45dfd9efc44a49f27f45203bc09270054682f51f532b63a56968214d66
com.quicknews.MainActivity -> com.quicknews.MainActivity:
# {"id":"sourceFile","fileName":"MainActivity.kt"}
    1:1:com.facebook.react.ReactActivityDelegate createReactActivityDelegate():0:0 -> S
      # {"id":"com.android.tools.r8.residualsignature","signature":"()Lcom/facebook/react/q;"}
    1:1:java.lang.String getMainComponentName():0:0 -> T
com.quicknews.MainApplication -> com.quicknews.MainApplication:
# {"id":"sourceFile","fileName":"MainApplication.kt"}
    com.facebook.react.ReactNativeHost reactNativeHost -> e
      # {"id":"com.android.tools.r8.residualsignature","signature":"Lcom/facebook/react/g0;"}
    1:1:com.facebook.react.ReactNativeHost getReactNativeHost():0:0 -> a
      # {"id":"com.android.tools.r8.residualsignature","signature":"()Lcom/facebook/react/g0;"}
    1:1:com.facebook.react.ReactHost getReactHost():0:0 -> b
      # {"id":"com.android.tools.r8.residualsignature","signature":"()Lcom/facebook/react/u;"}
com.quicknews.MainApplication$reactNativeHost$1 -> com.quicknews.MainApplication$a:
# {"id":"sourceFile","fileName":"MainApplication.kt"}
    boolean isNewArchEnabled -> c
    boolean isHermesEnabled -> d
    1:1:java.lang.String getJSMainModuleName():0:0 -> h
    1:1:java.util.List getPackages():0:0 -> k
    1:1:boolean getUseDeveloperSupport():0:0 -> r
    1:1:java.lang.Boolean isHermesEnabled():0:0 -> v
    1:1:boolean isNewArchEnabled():0:0 -> w
...
com.facebook.react.internal.AndroidChoreographerProvider$AndroidChoreographer -> b3.a$a:
# {"id":"sourceFile","fileName":"AndroidChoreographerProvider.java"}
    android.view.Choreographer sInstance -> a
    1:1:void <init>():0:0 -> <init>
    1:1:void postFrameCallback(android.view.Choreographer$FrameCallback):0:0 -> a
    1:1:void removeFrameCallback(android.view.Choreographer$FrameCallback):0:0 -> b
com.facebook.react.internal.AndroidChoreographerProvider$Holder -> b3.a$b:
# {"id":"sourceFile","fileName":"AndroidChoreographerProvider.java"}
    com.facebook.react.internal.AndroidChoreographerProvider INSTANCE -> a
      # {"id":"com.android.tools.r8.residualsignature","signature":"Lb3/a;"}
    1:1:void <clinit>():0:0 -> <clinit>
    1:1:com.facebook.react.internal.AndroidChoreographerProvider -$$Nest$sfgetINSTANCE():0:0 -> a
      # {"id":"com.android.tools.r8.synthesized"}
      # {"id":"com.android.tools.r8.residualsignature","signature":"()Lb3/a;"}
com.facebook.react.internal.ChoreographerProvider -> b3.b:
# {"id":"sourceFile","fileName":"ChoreographerProvider.java"}
    com.facebook.react.internal.ChoreographerProvider$Choreographer getChoreographer() -> a
      # {"id":"com.android.tools.r8.residualsignature","signature":"()Lb3/b$a;"}
com.facebook.react.internal.ChoreographerProvider$Choreographer -> b3.b$a:
# {"id":"sourceFile","fileName":"ChoreographerProvider.java"}
    void postFrameCallback(android.view.Choreographer$FrameCallback) -> a
    void removeFrameCallback(android.view.Choreographer$FrameCallback) -> b
com.facebook.react.internal.featureflags.ReactNativeFeatureFlags -> c3.a:
# {"id":"sourceFile","fileName":"ReactNativeFeatureFlags.kt"}
    com.facebook.react.internal.featureflags.ReactNativeFeatureFlags INSTANCE -> a
      # {"id":"com.android.tools.r8.residualsignature","signature":"Lc3/a;"}
    kotlin.jvm.functions.Function0 accessorProvider -> b
      # {"id":"com.android.tools.r8.residualsignature","signature":"Lb5/a;"}
    com.facebook.react.internal.featureflags.ReactNativeFeatureFlagsAccessor accessor -> c
      # {"id":"com.android.tools.r8.residualsignature","signature":"Lc3/b;"}
    1:1:void <clinit>():0:0 -> <clinit>
    void <init>() -> <init>
    1:1:boolean enableCustomDrawOrderFabric():0:0 -> a
    1:1:boolean enableFixForClippedSubviewsCrash():0:0 -> b
    1:1:boolean enableSpannableBuildingUnification():0:0 -> c
com.facebook.react.internal.featureflags.ReactNativeFeatureFlags$accessorProvider$1 -> c3.a$a:
# {"id":"sourceFile","fileName":"ReactNativeFeatureFlags.kt"}
    com.facebook.react.internal.featureflags.ReactNativeFeatureFlags$accessorProvider$1 INSTANCE -> f
      # {"id":"com.android.tools.r8.residualsignature","signature":"Lc3/a$a;"}
    1:1:void <clinit>():0:0 -> <clinit>
    1:1:void <init>():0:0 -> <init>
    1:1:java.lang.Object invoke():0:0 -> b
    1:1:com.facebook.react.internal.featureflags.ReactNativeFeatureFlagsCxxAccessor invoke():0:0 -> d
      # {"id":"com.android.tools.r8.residualsignature","signature":"()Lc3/c;"}