android/app/build/outputs/mapping/release/usage.txt
com.quicknews.BuildConfig
com.quicknews.R$drawable
com.quicknews.R$integer
com.quicknews.R$mipmap
com.quicknews.R$string
com.quicknews.R$style
com.quicknews.R
...
com.reactnativecommunity.webview.events.TopHttpErrorEvent:
    public static final java.lang.String EVENT_NAME
com.reactnativecommunity.webview.events.TopLoadingErrorEvent:
    public static final java.lang.String EVENT_NAME
com.reactnativecommunity.webview.events.TopLoadingFinishEvent:
    public static final java.lang.String EVENT_NAME
com.reactnativecommunity.webview.events.TopLoadingProgressEvent:
    public static final java.lang.String EVENT_NAME
com.reactnativecommunity.webview.events.TopLoadingStartEvent:
    public static final java.lang.String EVENT_NAME
com.reactnativecommunity.webview.events.TopMessageEvent:
    public static final java.lang.String EVENT_NAME
com.reactnativecommunity.webview.events.TopOpenWindowEvent:
    public static final java.lang.String EVENT_NAME
com.reactnativecommunity.webview.events.TopRenderProcessGoneEvent:
    public static final java.lang.String EVENT_NAME
com.reactnativecommunity.webview.events.TopShouldStartLoadWithRequestEvent:
    public static final java.lang.String EVENT_NAME
com.swmansion.gesturehandler.BuildConfig
com.swmansion.gesturehandler.R
com.swmansion.gesturehandler.ReanimatedEventDispatcher:
    private com.swmansion.reanimated.ReanimatedModule reanimatedModule
    public final void sendEvent(com.facebook.react.uimanager.events.Event,com.facebook.react.bridge.ReactContext)
com.swmansion.gesturehandler.core.DiagonalDirections
com.swmansion.gesturehandler.core.FlingGestureHandler:
    private static final double DEFAULT_ALIGNMENT_CONE
    private static final int DEFAULT_DIRECTION
    private static final long DEFAULT_MAX_DURATION_MS
    private static final long DEFAULT_MIN_VELOCITY
    private static final int DEFAULT_NUMBER_OF_TOUCHES_REQUIRED
    public final int getDirection()
    public final int getNumberOfPointersRequired()
com.swmansion.gesturehandler.core.GestureHandler$Companion:
    public final java.lang.String stateToString(int)
com.swmansion.gesturehandler.core.GestureHandler$PointerData:
    public final int component1()
    public final float component2()
    public final float component3()
    public final float component4()
    public final float component5()
    public final com.swmansion.gesturehandler.core.GestureHandler$PointerData copy(int,float,float,float,float)
    public static synthetic com.swmansion.gesturehandler.core.GestureHandler$PointerData copy$default(com.swmansion.gesturehandler.core.GestureHandler$PointerData,int,float,float,float,float,int,java.lang.Object)
com.swmansion.gesturehandler.core.GestureHandler:
    public static final int ACTION_TYPE_JS_FUNCTION_NEW_API
    public static final int ACTION_TYPE_JS_FUNCTION_OLD_API
    public static final int ACTION_TYPE_NATIVE_ANIMATED_EVENT
    public static final int ACTION_TYPE_REANIMATED_WORKLET
    public static final int DIRECTION_DOWN
    public static final int DIRECTION_LEFT
    public static final int DIRECTION_RIGHT
    public static final int DIRECTION_UP
    private static final int HIT_SLOP_BOTTOM_IDX
    private static final int HIT_SLOP_HEIGHT_IDX
    private static final int HIT_SLOP_LEFT_IDX
    public static final float HIT_SLOP_NONE
    private static final int HIT_SLOP_RIGHT_IDX
    private static final int HIT_SLOP_TOP_IDX
    private static final int HIT_SLOP_WIDTH_IDX
    private static final int MAX_POINTERS_COUNT
    public static final int POINTER_TYPE_MOUSE
    public static final int POINTER_TYPE_OTHER
    public static final int POINTER_TYPE_STYLUS
    public static final int POINTER_TYPE_TOUCH
    public static final int STATE_ACTIVE
    public static final int STATE_BEGAN
    public static final int STATE_CANCELLED
    public static final int STATE_END
    public static final int STATE_FAILED
    public static final int STATE_UNDETERMINED
    protected final com.swmansion.gesturehandler.core.GestureHandler applySelf(kotlin.jvm.functions.Function1)
    public final com.facebook.react.bridge.WritableArray getAllTouchesPayload()